# JRE version: OpenJDK Runtime Environment (21.0.10) (build 21.0.10+-14961533-b1163.108)
# Java VM: OpenJDK 64-Bit Server VM (21.0.10+-14961533-b1163.108, mixed mode, tiered, compressed oops, compressed class ptrs, g1 gc, windows-amd64)
GC Precious Log:
 CardTable entry size: 512
 Card Set container configuration: InlinePtr #cards 5 size 8 Array Of Cards #cards 12 size 40 Howl #buckets 4 coarsen threshold 1843 Howl Bitmap #cards 512 size 80 coarsen threshold 460 Card regions per heap region 1 cards per card region 2048
 CPUs: 8 total, 8 available
 Memory: 16198M
 Large Page Support: Disabled
 NUMA Support: Disabled
 Compressed Oops: Enabled (32-bit)
 Heap Region Size: 1M
 Heap Min Capacity: 8M
 Heap Initial Capacity: 254M
 Heap Max Capacity: 2G
 Pre-touch: Disabled
 Parallel Workers: 8
 Concurrent Workers: 2
 Concurrent Refinement Workers: 8
 Periodic GC: Disabled
Heap:
 garbage-first heap   total 92160K, used 64305K [0x0000000080000000, 0x0000000100000000)
  region size 1024K, 11 young (11264K), 4 survivors (4096K)
 Metaspace       used 53383K, committed 54912K, reserved 1114112K
  class space    used 7466K, committed 8192K, reserved 1048576K
GC Heap History (20 events):
Event: 2.215 GC heap before
{Heap before GC invocations=1 (full 0):
 garbage-first heap   total 260096K, used 39221K [0x0000000080000000, 0x0000000100000000)
  region size 1024K, 31 young (31744K), 3 survivors (3072K)
 Metaspace       used 12832K, committed 12992K, reserved 1114112K
  class space    used 1408K, committed 1472K, reserved 1048576K
}
Event: 2.221 GC heap after
{Heap after GC invocations=2 (full 0):
 garbage-first heap   total 260096K, used 12068K [0x0000000080000000, 0x0000000100000000)
  region size 1024K, 2 young (2048K), 2 survivors (2048K)
 Metaspace       used 12832K, committed 12992K, reserved 1114112K
  class space    used 1408K, committed 1472K, reserved 1048576K
}
Event: 5.135 GC heap before
{Heap before GC invocations=2 (full 0):
 garbage-first heap   total 260096K, used 63268K [0x0000000080000000, 0x0000000100000000)
  region size 1024K, 51 young (52224K), 2 survivors (2048K)
 Metaspace       used 21230K, committed 21504K, reserved 1114112K
  class space    used 2488K, committed 2624K, reserved 1048576K
}
Event: 5.146 GC heap after
{Heap after GC invocations=3 (full 0):
 garbage-first heap   total 260096K, used 20161K [0x0000000080000000, 0x0000000100000000)
  region size 1024K, 9 young (9216K), 9 survivors (9216K)
 Metaspace       used 21230K, committed 21504K, reserved 1114112K
  class space    used 2488K, committed 2624K, reserved 1048576K
}
Event: 6.264 GC heap before
{Heap before GC invocations=4 (full 0):
 garbage-first heap   total 71680K, used 53953K [0x0000000080000000, 0x0000000100000000)
  region size 1024K, 42 young (43008K), 9 survivors (9216K)
 Metaspace       used 27280K, committed 27712K, reserved 1114112K
  class space    used 3395K, committed 3584K, reserved 1048576K
}
Event: 6.275 GC heap after
{Heap after GC invocations=5 (full 0):
 garbage-first heap   total 71680K, used 22167K [0x0000000080000000, 0x0000000100000000)
  region size 1024K, 3 young (3072K), 3 survivors (3072K)
 Metaspace       used 27280K, committed 27712K, reserved 1114112K
  class space    used 3395K, committed 3584K, reserved 1048576K
}
Event: 7.755 GC heap before
{Heap before GC invocations=5 (full 0):
 garbage-first heap   total 71680K, used 56983K [0x0000000080000000, 0x0000000100000000)
  region size 1024K, 36 young (36864K), 3 survivors (3072K)
 Metaspace       used 32795K, committed 33408K, reserved 1114112K
  class space    used 4210K, committed 4480K, reserved 1048576K
}
Event: 7.761 GC heap after
{Heap after GC invocations=6 (full 0):
 garbage-first heap   total 71680K, used 24277K [0x0000000080000000, 0x0000000100000000)
  region size 1024K, 5 young (5120K), 5 survivors (5120K)
 Metaspace       used 32795K, committed 33408K, reserved 1114112K
  class space    used 4210K, committed 4480K, reserved 1048576K
}
Event: 8.724 GC heap before
{Heap before GC invocations=6 (full 0):
 garbage-first heap   total 71680K, used 42709K [0x0000000080000000, 0x0000000100000000)
  region size 1024K, 24 young (24576K), 5 survivors (5120K)
 Metaspace       used 35453K, committed 36160K, reserved 1114112K
  class space    used 4649K, committed 4992K, reserved 1048576K
}
Event: 8.731 GC heap after
{Heap after GC invocations=7 (full 0):
 garbage-first heap   total 71680K, used 25482K [0x0000000080000000, 0x0000000100000000)
  region size 1024K, 4 young (4096K), 4 survivors (4096K)
 Metaspace       used 35453K, committed 36160K, reserved 1114112K
  class space    used 4649K, committed 4992K, reserved 1048576K
}
Event: 10.635 GC heap before
{Heap before GC invocations=8 (full 0):
 garbage-first heap   total 71680K, used 67466K [0x0000000080000000, 0x0000000100000000)
  region size 1024K, 38 young (38912K), 4 survivors (4096K)
 Metaspace       used 39400K, committed 40320K, reserved 1114112K
  class space    used 5350K, committed 5824K, reserved 1048576K
}
Event: 10.647 GC heap after
{Heap after GC invocations=9 (full 0):
 garbage-first heap   total 79872K, used 40537K [0x0000000080000000, 0x0000000100000000)
  region size 1024K, 5 young (5120K), 5 survivors (5120K)
 Metaspace       used 39400K, committed 40320K, reserved 1114112K
  class space    used 5350K, committed 5824K, reserved 1048576K
}
Event: 11.430 GC heap before
{Heap before GC invocations=9 (full 0):
 garbage-first heap   total 79872K, used 76377K [0x0000000080000000, 0x0000000100000000)
  region size 1024K, 32 young (32768K), 5 survivors (5120K)
 Metaspace       used 42580K, committed 43712K, reserved 1114112K
  class space    used 5854K, committed 6400K, reserved 1048576K
}
Event: 11.438 GC heap after
{Heap after GC invocations=10 (full 0):
 garbage-first heap   total 87040K, used 52603K [0x0000000080000000, 0x0000000100000000)
  region size 1024K, 4 young (4096K), 4 survivors (4096K)
 Metaspace       used 42580K, committed 43712K, reserved 1114112K
  class space    used 5854K, committed 6400K, reserved 1048576K
}
Event: 12.209 GC heap before
{Heap before GC invocations=10 (full 0):
 garbage-first heap   total 87040K, used 75131K [0x0000000080000000, 0x0000000100000000)
  region size 1024K, 26 young (26624K), 4 survivors (4096K)
 Metaspace       used 45176K, committed 46400K, reserved 1114112K
  class space    used 6314K, committed 6912K, reserved 1048576K
}
Event: 12.214 GC heap after
{Heap after GC invocations=11 (full 0):
 garbage-first heap   total 87040K, used 53913K [0x0000000080000000, 0x0000000100000000)
  region size 1024K, 2 young (2048K), 2 survivors (2048K)
 Metaspace       used 45176K, committed 46400K, reserved 1114112K
  class space    used 6314K, committed 6912K, reserved 1048576K
}
Event: 12.968 GC heap before
{Heap before GC invocations=12 (full 0):
 garbage-first heap   total 92160K, used 75417K [0x0000000080000000, 0x0000000100000000)
  region size 1024K, 24 young (24576K), 2 survivors (2048K)
 Metaspace       used 48792K, committed 50112K, reserved 1114112K
  class space    used 6808K, committed 7488K, reserved 1048576K
}
Event: 12.974 GC heap after
{Heap after GC invocations=13 (full 0):
 garbage-first heap   total 92160K, used 55690K [0x0000000080000000, 0x0000000100000000)
  region size 1024K, 3 young (3072K), 3 survivors (3072K)
 Metaspace       used 48792K, committed 50112K, reserved 1114112K
  class space    used 6808K, committed 7488K, reserved 1048576K
}
Event: 13.899 GC heap before
{Heap before GC invocations=13 (full 0):
 garbage-first heap   total 92160K, used 80266K [0x0000000080000000, 0x0000000100000000)
  region size 1024K, 28 young (28672K), 3 survivors (3072K)
 Metaspace       used 52511K, committed 53952K, reserved 1114112K
  class space    used 7315K, committed 8000K, reserved 1048576K
}
Event: 13.907 GC heap after
{Heap after GC invocations=14 (full 0):
 garbage-first heap   total 92160K, used 58161K [0x0000000080000000, 0x0000000100000000)
  region size 1024K, 4 young (4096K), 4 survivors (4096K)
 Metaspace       used 52511K, committed 53952K, reserved 1114112K
  class space    used 7315K, committed 8000K, reserved 1048576K
}

